<?xml version="1.0" encoding="UTF-8"?>
<!-- Generated by org.testng.reporters.JUnitXMLReporter -->
<testsuite ignored="2" hostname="LAPTOP-T93AO0M7" failures="0" tests="2" name="Chrometest" time="18.799" errors="0" timestamp="2026-03-09T12:47:12 IST">
  <testcase classname="testscript.LoginTest" name="verifyTheUserIsAbleToLoginUsingInvalidUsernameAndValidPassword" time="2.57"/>
  <testcase classname="testscript.LoginTest" name="verifyTheUserIsAbleToLoginUsingInvalidUsernameAndInvalidPassword" time="2.173"/>
  <testcase classname="testscript.LoginTest" name="verifyTheUserIsAbleToLoginUsingValidCredentials" time="0.0">
    <ignored/>
  </testcase> <!-- verifyTheUserIsAbleToLoginUsingValidCredentials -->
  <testcase classname="testscript.LoginTest" name="verifyTheUserIsAbleToLoginUsingValidUsernameAndInvalidPassword" time="0.0">
    <ignored/>
  </testcase> <!-- verifyTheUserIsAbleToLoginUsingValidUsernameAndInvalidPassword -->
</testsuite> <!-- Chrometest -->
