<?xml version="1.0" encoding="UTF-8"?>
<testng-results ignored="0" total="1" passed="1" failed="0" skipped="0">
  <reporter-output>
  </reporter-output>
  <suite started-at="2026-03-11T12:15:13 IST" name="Suite" finished-at="2026-03-11T12:15:23 IST" duration-ms="9840">
    <groups>
    </groups>
    <test started-at="2026-03-11T12:15:13 IST" name="Test" finished-at="2026-03-11T12:15:23 IST" duration-ms="9840">
      <class name="testscript.ManageNewsTest">
        <test-method is-config="true" signature="browserInitialization(java.lang.String)[pri:0, instance:testscript.ManageNewsTest@55b699ef]" started-at="2026-03-11T12:15:13 IST" name="browserInitialization" finished-at="2026-03-11T12:15:18 IST" duration-ms="4464" status="PASS">
          <params>
            <param index="0">
              <value>
                <![CDATA[Chrome]]>
              </value>
            </param>
          </params>
          <reporter-output>
          </reporter-output>
        </test-method> <!-- browserInitialization -->
        <test-method signature="verifyTheUserIsAbleToAddNewNewsAndDisplaysAlert()[pri:0, instance:testscript.ManageNewsTest@55b699ef]" started-at="2026-03-11T12:15:18 IST" name="verifyTheUserIsAbleToAddNewNewsAndDisplaysAlert" finished-at="2026-03-11T12:15:23 IST" duration-ms="5286" status="PASS">
          <reporter-output>
          </reporter-output>
        </test-method> <!-- verifyTheUserIsAbleToAddNewNewsAndDisplaysAlert -->
      </class> <!-- testscript.ManageNewsTest -->
    </test> <!-- Test -->
  </suite> <!-- Suite -->
</testng-results>
